<?xml version="1.0" encoding="UTF-8"?>
<!-- Generated by org.testng.reporters.JUnitXMLReporter -->
<testsuite ignored="0" hostname="DESKTOP-C1TU1OE" failures="0" tests="3" name="Test" time="48.197" errors="0" timestamp="2023-02-12T13:29:40 IST">
  <testcase classname="com.vcentry.lab.testcases.CheckoutTest" name="validateHomePage" time="11.51"/>
  <testcase classname="com.vcentry.lab.testcases.CheckoutTest" name="validateHomePage" time="12.29"/>
  <testcase classname="com.vcentry.lab.testcases.CheckoutTest" name="validateHomePage" time="16.382"/>
</testsuite> <!-- Test -->
